2026-03-26 17:23:38,387 | INFO | perf availability: False (WARNING: perf not found for kernel 6.6.87.2-microsoft

  You may need to install the following packages for this specific kernel:
    linux-tools-6.6.87.2-microsoft-standard-WSL2
    linux-cloud-tools-6.6.87.2-microsoft-standard-WSL2

  You may also want to install one of the following packages to keep up to date:
    linux-tools-standard-WSL2
    linux-cloud-tools-standard-WSL2)
2026-03-26 17:23:38,388 | INFO | Preparing benchmark BM1
2026-03-26 17:23:38,413 | INFO | Skipping completed run BM1 | fine | B3 | gcc_O3 | same_A | rb=auto
2026-03-26 17:23:38,414 | INFO | Skipping completed run BM1 | fine | B4 | gcc_O3 | same_A | rb=auto
2026-03-26 17:23:38,415 | INFO | Skipping completed run BM1 | fine | B5_TREE | gcc_O3 | same_A | rb=auto
2026-03-26 17:23:38,437 | INFO | Running BM1 | fine | B3 | gcc_O3 | same_B | rb=auto
2026-03-26 17:23:38,608 | INFO | Running BM1 | fine | B4 | gcc_O3 | same_B | rb=auto
2026-03-26 17:23:38,776 | INFO | Running BM1 | fine | B5_TREE | gcc_O3 | same_B | rb=auto
2026-03-26 17:23:39,261 | INFO | Running BM1 | fine | B3 | gcc_O3 | A_to_B | rb=auto
2026-03-26 17:23:39,557 | INFO | Running BM1 | fine | B4 | gcc_O3 | A_to_B | rb=auto
2026-03-26 17:23:39,839 | INFO | Running BM1 | fine | B5_TREE | gcc_O3 | A_to_B | rb=auto
2026-03-26 17:23:40,087 | INFO | Running BM1 | fine | B3 | gcc_O3 | B_to_A | rb=auto
2026-03-26 17:23:40,255 | INFO | Running BM1 | fine | B4 | gcc_O3 | B_to_A | rb=auto
2026-03-26 17:23:40,430 | INFO | Running BM1 | fine | B5_TREE | gcc_O3 | B_to_A | rb=auto
2026-03-26 17:23:40,698 | INFO | Running BM1 | fine | B3 | gcc_O3 | uniform | rb=auto
2026-03-26 17:23:40,870 | INFO | Running BM1 | fine | B4 | gcc_O3 | uniform | rb=auto
2026-03-26 17:23:41,042 | INFO | Running BM1 | fine | B5_TREE | gcc_O3 | uniform | rb=auto
2026-03-26 17:23:41,287 | INFO | Running BM1 | coarse | B3 | gcc_O3 | same_A | rb=auto
2026-03-26 17:23:41,502 | INFO | Running BM1 | coarse | B4 | gcc_O3 | same_A | rb=auto
2026-03-26 17:23:41,723 | INFO | Running BM1 | coarse | B5_TREE | gcc_O3 | same_A | rb=auto
2026-03-26 17:23:41,950 | INFO | Running BM1 | coarse | B3 | gcc_O3 | same_B | rb=auto
2026-03-26 17:23:42,169 | INFO | Running BM1 | coarse | B4 | gcc_O3 | same_B | rb=auto
2026-03-26 17:23:42,384 | INFO | Running BM1 | coarse | B5_TREE | gcc_O3 | same_B | rb=auto
2026-03-26 17:23:42,638 | INFO | Running BM1 | coarse | B3 | gcc_O3 | A_to_B | rb=auto
2026-03-26 17:23:42,853 | INFO | Running BM1 | coarse | B4 | gcc_O3 | A_to_B | rb=auto
2026-03-26 17:23:43,068 | INFO | Running BM1 | coarse | B5_TREE | gcc_O3 | A_to_B | rb=auto
2026-03-26 17:23:43,305 | INFO | Running BM1 | coarse | B3 | gcc_O3 | B_to_A | rb=auto
2026-03-26 17:23:44,020 | INFO | Running BM1 | coarse | B4 | gcc_O3 | B_to_A | rb=auto
2026-03-26 17:23:44,343 | INFO | Running BM1 | coarse | B5_TREE | gcc_O3 | B_to_A | rb=auto
2026-03-26 17:23:44,603 | INFO | Running BM1 | coarse | B3 | gcc_O3 | uniform | rb=auto
2026-03-26 17:23:44,828 | INFO | Running BM1 | coarse | B4 | gcc_O3 | uniform | rb=auto
2026-03-26 17:23:45,056 | INFO | Running BM1 | coarse | B5_TREE | gcc_O3 | uniform | rb=auto
2026-03-26 17:23:45,278 | INFO | Preparing benchmark BM2
2026-03-26 17:23:45,310 | INFO | Running BM2 | fine | B3 | gcc_O3 | same_A | rb=auto
2026-03-26 17:23:45,644 | INFO | Running BM2 | fine | B4 | gcc_O3 | same_A | rb=auto
2026-03-26 17:23:45,881 | INFO | Running BM2 | fine | B5_TREE | gcc_O3 | same_A | rb=auto
2026-03-26 17:23:46,159 | INFO | Running BM2 | fine | B3 | gcc_O3 | same_B | rb=auto
2026-03-26 17:23:46,470 | INFO | Running BM2 | fine | B4 | gcc_O3 | same_B | rb=auto
2026-03-26 17:23:46,696 | INFO | Running BM2 | fine | B5_TREE | gcc_O3 | same_B | rb=auto
2026-03-26 17:23:46,966 | INFO | Running BM2 | fine | B3 | gcc_O3 | A_to_B | rb=auto
2026-03-26 17:23:47,269 | INFO | Running BM2 | fine | B4 | gcc_O3 | A_to_B | rb=auto
2026-03-26 17:23:47,503 | INFO | Running BM2 | fine | B5_TREE | gcc_O3 | A_to_B | rb=auto
2026-03-26 17:23:47,770 | INFO | Running BM2 | fine | B3 | gcc_O3 | B_to_A | rb=auto
2026-03-26 17:23:48,462 | INFO | Running BM2 | fine | B4 | gcc_O3 | B_to_A | rb=auto
2026-03-26 17:23:48,869 | INFO | Running BM2 | fine | B5_TREE | gcc_O3 | B_to_A | rb=auto
2026-03-26 17:23:49,165 | INFO | Running BM2 | fine | B3 | gcc_O3 | uniform | rb=auto
2026-03-26 17:23:49,487 | INFO | Running BM2 | fine | B4 | gcc_O3 | uniform | rb=auto
2026-03-26 17:23:49,736 | INFO | Running BM2 | fine | B5_TREE | gcc_O3 | uniform | rb=auto
2026-03-26 17:23:50,015 | INFO | Running BM2 | coarse | B3 | gcc_O3 | same_A | rb=auto
2026-03-26 17:23:50,248 | INFO | Running BM2 | coarse | B4 | gcc_O3 | same_A | rb=auto
2026-03-26 17:23:50,488 | INFO | Running BM2 | coarse | B5_TREE | gcc_O3 | same_A | rb=auto
2026-03-26 17:23:50,746 | INFO | Running BM2 | coarse | B3 | gcc_O3 | same_B | rb=auto
2026-03-26 17:23:50,979 | INFO | Running BM2 | coarse | B4 | gcc_O3 | same_B | rb=auto
2026-03-26 17:23:51,200 | INFO | Running BM2 | coarse | B5_TREE | gcc_O3 | same_B | rb=auto
2026-03-26 17:23:51,460 | INFO | Running BM2 | coarse | B3 | gcc_O3 | A_to_B | rb=auto
2026-03-26 17:23:51,699 | INFO | Running BM2 | coarse | B4 | gcc_O3 | A_to_B | rb=auto
2026-03-26 17:23:51,930 | INFO | Running BM2 | coarse | B5_TREE | gcc_O3 | A_to_B | rb=auto
2026-03-26 17:23:52,183 | INFO | Running BM2 | coarse | B3 | gcc_O3 | B_to_A | rb=auto
2026-03-26 17:23:52,831 | INFO | Running BM2 | coarse | B4 | gcc_O3 | B_to_A | rb=auto
2026-03-26 17:23:53,360 | INFO | Running BM2 | coarse | B5_TREE | gcc_O3 | B_to_A | rb=auto
2026-03-26 17:23:53,641 | INFO | Running BM2 | coarse | B3 | gcc_O3 | uniform | rb=auto
2026-03-26 17:23:53,879 | INFO | Running BM2 | coarse | B4 | gcc_O3 | uniform | rb=auto
2026-03-26 17:23:54,111 | INFO | Running BM2 | coarse | B5_TREE | gcc_O3 | uniform | rb=auto
2026-03-26 17:23:54,348 | INFO | Preparing benchmark BM3
2026-03-26 17:23:54,374 | INFO | Running BM3 | fine | B3 | gcc_O3 | same_A | rb=auto
2026-03-26 17:23:54,650 | INFO | Running BM3 | fine | B4 | gcc_O3 | same_A | rb=auto
2026-03-26 17:23:54,899 | INFO | Running BM3 | fine | B5_TREE | gcc_O3 | same_A | rb=auto
2026-03-26 17:23:58,057 | INFO | Running BM3 | fine | B3 | gcc_O3 | same_B | rb=auto
2026-03-26 17:23:58,311 | INFO | Running BM3 | fine | B4 | gcc_O3 | same_B | rb=auto
2026-03-26 17:23:58,530 | INFO | Running BM3 | fine | B5_TREE | gcc_O3 | same_B | rb=auto
2026-03-26 17:23:58,783 | INFO | Running BM3 | fine | B3 | gcc_O3 | A_to_B | rb=auto
2026-03-26 17:23:59,050 | INFO | Running BM3 | fine | B4 | gcc_O3 | A_to_B | rb=auto
2026-03-26 17:23:59,291 | INFO | Running BM3 | fine | B5_TREE | gcc_O3 | A_to_B | rb=auto
2026-03-26 17:23:59,557 | INFO | Running BM3 | fine | B3 | gcc_O3 | B_to_A | rb=auto
2026-03-26 17:23:59,845 | INFO | Running BM3 | fine | B4 | gcc_O3 | B_to_A | rb=auto
2026-03-26 17:24:00,361 | INFO | Running BM3 | fine | B5_TREE | gcc_O3 | B_to_A | rb=auto
2026-03-26 17:24:00,885 | INFO | Running BM3 | fine | B3 | gcc_O3 | uniform | rb=auto
2026-03-26 17:24:01,165 | INFO | Running BM3 | fine | B4 | gcc_O3 | uniform | rb=auto
2026-03-26 17:24:01,428 | INFO | Running BM3 | fine | B5_TREE | gcc_O3 | uniform | rb=auto
2026-03-26 17:24:01,697 | INFO | Running BM3 | coarse | B3 | gcc_O3 | same_A | rb=auto
2026-03-26 17:24:01,952 | INFO | Running BM3 | coarse | B4 | gcc_O3 | same_A | rb=auto
2026-03-26 17:24:02,236 | INFO | Running BM3 | coarse | B5_TREE | gcc_O3 | same_A | rb=auto
2026-03-26 17:24:02,521 | INFO | Running BM3 | coarse | B3 | gcc_O3 | same_B | rb=auto
2026-03-26 17:24:02,764 | INFO | Running BM3 | coarse | B4 | gcc_O3 | same_B | rb=auto
2026-03-26 17:24:03,002 | INFO | Running BM3 | coarse | B5_TREE | gcc_O3 | same_B | rb=auto
2026-03-26 17:24:03,269 | INFO | Running BM3 | coarse | B3 | gcc_O3 | A_to_B | rb=auto
2026-03-26 17:24:03,508 | INFO | Running BM3 | coarse | B4 | gcc_O3 | A_to_B | rb=auto
2026-03-26 17:24:03,753 | INFO | Running BM3 | coarse | B5_TREE | gcc_O3 | A_to_B | rb=auto
2026-03-26 17:24:04,007 | INFO | Running BM3 | coarse | B3 | gcc_O3 | B_to_A | rb=auto
2026-03-26 17:24:04,273 | INFO | Running BM3 | coarse | B4 | gcc_O3 | B_to_A | rb=auto
2026-03-26 17:24:04,530 | INFO | Running BM3 | coarse | B5_TREE | gcc_O3 | B_to_A | rb=auto
2026-03-26 17:24:04,820 | INFO | Running BM3 | coarse | B3 | gcc_O3 | uniform | rb=auto
2026-03-26 17:24:05,447 | INFO | Running BM3 | coarse | B4 | gcc_O3 | uniform | rb=auto
2026-03-26 17:24:05,822 | INFO | Running BM3 | coarse | B5_TREE | gcc_O3 | uniform | rb=auto
2026-03-26 17:24:06,064 | INFO | Preparing benchmark BM4
2026-03-26 17:24:06,083 | INFO | Skipping completed run BM4 | fine | B3 | gcc_O3 | same_A | rb=auto
2026-03-26 17:24:06,084 | INFO | Skipping completed run BM4 | fine | B4 | gcc_O3 | same_A | rb=auto
2026-03-26 17:24:06,085 | INFO | Skipping completed run BM4 | fine | B5_TREE | gcc_O3 | same_A | rb=auto
2026-03-26 17:24:06,100 | INFO | Running BM4 | fine | B3 | gcc_O3 | same_B | rb=auto
2026-03-26 17:24:06,283 | INFO | Running BM4 | fine | B4 | gcc_O3 | same_B | rb=auto
2026-03-26 17:24:06,449 | INFO | Running BM4 | fine | B5_TREE | gcc_O3 | same_B | rb=auto
2026-03-26 17:24:06,695 | INFO | Running BM4 | fine | B3 | gcc_O3 | A_to_B | rb=auto
2026-03-26 17:24:06,868 | INFO | Running BM4 | fine | B4 | gcc_O3 | A_to_B | rb=auto
2026-03-26 17:24:07,039 | INFO | Running BM4 | fine | B5_TREE | gcc_O3 | A_to_B | rb=auto
2026-03-26 17:24:07,259 | INFO | Running BM4 | fine | B3 | gcc_O3 | B_to_A | rb=auto
2026-03-26 17:24:07,415 | INFO | Running BM4 | fine | B4 | gcc_O3 | B_to_A | rb=auto
2026-03-26 17:24:07,586 | INFO | Running BM4 | fine | B5_TREE | gcc_O3 | B_to_A | rb=auto
2026-03-26 17:24:07,819 | INFO | Running BM4 | fine | B3 | gcc_O3 | uniform | rb=auto
2026-03-26 17:24:07,995 | INFO | Running BM4 | fine | B4 | gcc_O3 | uniform | rb=auto
2026-03-26 17:24:08,156 | INFO | Running BM4 | fine | B5_TREE | gcc_O3 | uniform | rb=auto
2026-03-26 17:24:08,381 | INFO | Running BM4 | coarse | B3 | gcc_O3 | same_A | rb=auto
2026-03-26 17:24:08,624 | INFO | Running BM4 | coarse | B4 | gcc_O3 | same_A | rb=auto
2026-03-26 17:24:08,830 | INFO | Running BM4 | coarse | B5_TREE | gcc_O3 | same_A | rb=auto
2026-03-26 17:24:09,046 | INFO | Running BM4 | coarse | B3 | gcc_O3 | same_B | rb=auto
2026-03-26 17:24:09,246 | INFO | Running BM4 | coarse | B4 | gcc_O3 | same_B | rb=auto
2026-03-26 17:24:09,569 | INFO | Running BM4 | coarse | B5_TREE | gcc_O3 | same_B | rb=auto
2026-03-26 17:24:10,145 | INFO | Running BM4 | coarse | B3 | gcc_O3 | A_to_B | rb=auto
2026-03-26 17:24:10,376 | INFO | Running BM4 | coarse | B4 | gcc_O3 | A_to_B | rb=auto
2026-03-26 17:24:10,580 | INFO | Running BM4 | coarse | B5_TREE | gcc_O3 | A_to_B | rb=auto
2026-03-26 17:24:10,799 | INFO | Running BM4 | coarse | B3 | gcc_O3 | B_to_A | rb=auto
2026-03-26 17:24:11,002 | INFO | Running BM4 | coarse | B4 | gcc_O3 | B_to_A | rb=auto
2026-03-26 17:24:11,210 | INFO | Running BM4 | coarse | B5_TREE | gcc_O3 | B_to_A | rb=auto
2026-03-26 17:24:11,441 | INFO | Running BM4 | coarse | B3 | gcc_O3 | uniform | rb=auto
2026-03-26 17:24:11,642 | INFO | Running BM4 | coarse | B4 | gcc_O3 | uniform | rb=auto
2026-03-26 17:24:11,839 | INFO | Running BM4 | coarse | B5_TREE | gcc_O3 | uniform | rb=auto
2026-03-26 17:24:12,044 | INFO | Preparing benchmark BM5
2026-03-26 17:24:12,070 | INFO | Skipping completed run BM5 | fine | B3 | gcc_O3 | same_A | rb=auto
2026-03-26 17:24:12,072 | INFO | Skipping completed run BM5 | fine | B4 | gcc_O3 | same_A | rb=auto
2026-03-26 17:24:12,075 | INFO | Skipping completed run BM5 | fine | B5_TREE | gcc_O3 | same_A | rb=auto
2026-03-26 17:24:12,100 | INFO | Running BM5 | fine | B3 | gcc_O3 | same_B | rb=auto
2026-03-26 17:24:12,379 | INFO | Running BM5 | fine | B4 | gcc_O3 | same_B | rb=auto
2026-03-26 17:24:12,602 | INFO | Running BM5 | fine | B5_TREE | gcc_O3 | same_B | rb=auto
2026-03-26 17:24:12,858 | INFO | Running BM5 | fine | B3 | gcc_O3 | A_to_B | rb=auto
2026-03-26 17:24:13,192 | INFO | Running BM5 | fine | B4 | gcc_O3 | A_to_B | rb=auto
2026-03-26 17:24:13,408 | INFO | Running BM5 | fine | B5_TREE | gcc_O3 | A_to_B | rb=auto
2026-03-26 17:24:13,659 | INFO | Running BM5 | fine | B3 | gcc_O3 | B_to_A | rb=auto
2026-03-26 17:24:13,915 | INFO | Running BM5 | fine | B4 | gcc_O3 | B_to_A | rb=auto
2026-03-26 17:24:14,481 | INFO | Running BM5 | fine | B5_TREE | gcc_O3 | B_to_A | rb=auto
2026-03-26 17:24:14,872 | INFO | Running BM5 | fine | B3 | gcc_O3 | uniform | rb=auto
2026-03-26 17:24:15,139 | INFO | Running BM5 | fine | B4 | gcc_O3 | uniform | rb=auto
2026-03-26 17:24:15,364 | INFO | Running BM5 | fine | B5_TREE | gcc_O3 | uniform | rb=auto
2026-03-26 17:24:15,608 | INFO | Running BM5 | coarse | B3 | gcc_O3 | same_A | rb=auto
2026-03-26 17:24:15,860 | INFO | Running BM5 | coarse | B4 | gcc_O3 | same_A | rb=auto
2026-03-26 17:24:16,086 | INFO | Running BM5 | coarse | B5_TREE | gcc_O3 | same_A | rb=auto
2026-03-26 17:24:16,333 | INFO | Running BM5 | coarse | B3 | gcc_O3 | same_B | rb=auto
2026-03-26 17:24:16,557 | INFO | Running BM5 | coarse | B4 | gcc_O3 | same_B | rb=auto
2026-03-26 17:24:16,788 | INFO | Running BM5 | coarse | B5_TREE | gcc_O3 | same_B | rb=auto
2026-03-26 17:24:17,035 | INFO | Running BM5 | coarse | B3 | gcc_O3 | A_to_B | rb=auto
2026-03-26 17:24:17,254 | INFO | Running BM5 | coarse | B4 | gcc_O3 | A_to_B | rb=auto
2026-03-26 17:24:17,461 | INFO | Running BM5 | coarse | B5_TREE | gcc_O3 | A_to_B | rb=auto
2026-03-26 17:24:17,723 | INFO | Running BM5 | coarse | B3 | gcc_O3 | B_to_A | rb=auto
2026-03-26 17:24:17,939 | INFO | Running BM5 | coarse | B4 | gcc_O3 | B_to_A | rb=auto
2026-03-26 17:24:18,159 | INFO | Running BM5 | coarse | B5_TREE | gcc_O3 | B_to_A | rb=auto
2026-03-26 17:24:18,426 | INFO | Running BM5 | coarse | B3 | gcc_O3 | uniform | rb=auto
2026-03-26 17:24:18,819 | INFO | Running BM5 | coarse | B4 | gcc_O3 | uniform | rb=auto
2026-03-26 17:24:19,155 | INFO | Running BM5 | coarse | B5_TREE | gcc_O3 | uniform | rb=auto
2026-03-26 17:24:19,383 | INFO | Preparing benchmark BM6
2026-03-26 17:24:19,407 | INFO | Running BM6 | fine | B3 | gcc_O3 | same_A | rb=auto
2026-03-26 17:24:19,665 | INFO | Running BM6 | fine | B4 | gcc_O3 | same_A | rb=auto
2026-03-26 17:24:19,878 | INFO | Running BM6 | fine | B5_TREE | gcc_O3 | same_A | rb=auto
2026-03-26 17:24:20,112 | INFO | Running BM6 | fine | B3 | gcc_O3 | same_B | rb=auto
2026-03-26 17:24:20,361 | INFO | Running BM6 | fine | B4 | gcc_O3 | same_B | rb=auto
2026-03-26 17:24:20,600 | INFO | Running BM6 | fine | B5_TREE | gcc_O3 | same_B | rb=auto
2026-03-26 17:24:20,842 | INFO | Running BM6 | fine | B3 | gcc_O3 | A_to_B | rb=auto
2026-03-26 17:24:21,093 | INFO | Running BM6 | fine | B4 | gcc_O3 | A_to_B | rb=auto
2026-03-26 17:24:21,314 | INFO | Running BM6 | fine | B5_TREE | gcc_O3 | A_to_B | rb=auto
2026-03-26 17:24:21,566 | INFO | Running BM6 | fine | B3 | gcc_O3 | B_to_A | rb=auto
2026-03-26 17:24:21,822 | INFO | Running BM6 | fine | B4 | gcc_O3 | B_to_A | rb=auto
2026-03-26 17:24:22,035 | INFO | Running BM6 | fine | B5_TREE | gcc_O3 | B_to_A | rb=auto
2026-03-26 17:24:22,292 | INFO | Running BM6 | fine | B3 | gcc_O3 | uniform | rb=auto
2026-03-26 17:24:22,546 | INFO | Running BM6 | fine | B4 | gcc_O3 | uniform | rb=auto
2026-03-26 17:24:22,758 | INFO | Running BM6 | fine | B5_TREE | gcc_O3 | uniform | rb=auto
2026-03-26 17:24:23,340 | INFO | Running BM6 | coarse | B3 | gcc_O3 | same_A | rb=auto
2026-03-26 17:24:23,859 | INFO | Running BM6 | coarse | B4 | gcc_O3 | same_A | rb=auto
2026-03-26 17:24:24,064 | INFO | Running BM6 | coarse | B5_TREE | gcc_O3 | same_A | rb=auto
2026-03-26 17:24:24,306 | INFO | Running BM6 | coarse | B3 | gcc_O3 | same_B | rb=auto
2026-03-26 17:24:24,524 | INFO | Running BM6 | coarse | B4 | gcc_O3 | same_B | rb=auto
2026-03-26 17:24:24,728 | INFO | Running BM6 | coarse | B5_TREE | gcc_O3 | same_B | rb=auto
2026-03-26 17:24:24,976 | INFO | Running BM6 | coarse | B3 | gcc_O3 | A_to_B | rb=auto
2026-03-26 17:24:25,193 | INFO | Running BM6 | coarse | B4 | gcc_O3 | A_to_B | rb=auto
2026-03-26 17:24:25,399 | INFO | Running BM6 | coarse | B5_TREE | gcc_O3 | A_to_B | rb=auto
2026-03-26 17:24:25,636 | INFO | Running BM6 | coarse | B3 | gcc_O3 | B_to_A | rb=auto
2026-03-26 17:24:25,855 | INFO | Running BM6 | coarse | B4 | gcc_O3 | B_to_A | rb=auto
2026-03-26 17:24:26,070 | INFO | Running BM6 | coarse | B5_TREE | gcc_O3 | B_to_A | rb=auto
2026-03-26 17:24:26,331 | INFO | Running BM6 | coarse | B3 | gcc_O3 | uniform | rb=auto
2026-03-26 17:24:26,548 | INFO | Running BM6 | coarse | B4 | gcc_O3 | uniform | rb=auto
2026-03-26 17:24:26,757 | INFO | Running BM6 | coarse | B5_TREE | gcc_O3 | uniform | rb=auto
2026-03-26 17:24:26,978 | INFO | Preparing benchmark BM7
2026-03-26 17:24:26,998 | INFO | Running BM7 | fine | B3 | gcc_O3 | same_A | rb=auto
2026-03-26 17:24:27,162 | INFO | Running BM7 | fine | B4 | gcc_O3 | same_A | rb=auto
2026-03-26 17:24:27,327 | INFO | Running BM7 | fine | B5_TREE | gcc_O3 | same_A | rb=auto
2026-03-26 17:24:27,787 | INFO | Running BM7 | fine | B3 | gcc_O3 | same_B | rb=auto
2026-03-26 17:24:28,217 | INFO | Running BM7 | fine | B4 | gcc_O3 | same_B | rb=auto
2026-03-26 17:24:28,385 | INFO | Running BM7 | fine | B5_TREE | gcc_O3 | same_B | rb=auto
2026-03-26 17:24:28,625 | INFO | Running BM7 | fine | B3 | gcc_O3 | A_to_B | rb=auto
2026-03-26 17:24:28,779 | INFO | Running BM7 | fine | B4 | gcc_O3 | A_to_B | rb=auto
2026-03-26 17:24:28,946 | INFO | Running BM7 | fine | B5_TREE | gcc_O3 | A_to_B | rb=auto
2026-03-26 17:24:29,172 | INFO | Running BM7 | fine | B3 | gcc_O3 | B_to_A | rb=auto
2026-03-26 17:24:29,330 | INFO | Running BM7 | fine | B4 | gcc_O3 | B_to_A | rb=auto
2026-03-26 17:24:29,489 | INFO | Running BM7 | fine | B5_TREE | gcc_O3 | B_to_A | rb=auto
2026-03-26 17:24:29,742 | INFO | Running BM7 | fine | B3 | gcc_O3 | uniform | rb=auto
2026-03-26 17:24:29,913 | INFO | Running BM7 | fine | B4 | gcc_O3 | uniform | rb=auto
2026-03-26 17:24:30,077 | INFO | Running BM7 | fine | B5_TREE | gcc_O3 | uniform | rb=auto
2026-03-26 17:24:30,323 | INFO | Running BM7 | coarse | B3 | gcc_O3 | same_A | rb=auto
2026-03-26 17:24:33,390 | INFO | Running BM7 | coarse | B4 | gcc_O3 | same_A | rb=auto
2026-03-26 17:24:33,605 | INFO | Running BM7 | coarse | B5_TREE | gcc_O3 | same_A | rb=auto
2026-03-26 17:24:33,851 | INFO | Running BM7 | coarse | B3 | gcc_O3 | same_B | rb=auto
2026-03-26 17:24:34,082 | INFO | Running BM7 | coarse | B4 | gcc_O3 | same_B | rb=auto
2026-03-26 17:24:34,323 | INFO | Running BM7 | coarse | B5_TREE | gcc_O3 | same_B | rb=auto
2026-03-26 17:24:34,581 | INFO | Running BM7 | coarse | B3 | gcc_O3 | A_to_B | rb=auto
2026-03-26 17:24:34,809 | INFO | Running BM7 | coarse | B4 | gcc_O3 | A_to_B | rb=auto
2026-03-26 17:24:35,516 | INFO | Running BM7 | coarse | B5_TREE | gcc_O3 | A_to_B | rb=auto
2026-03-26 17:24:35,911 | INFO | Running BM7 | coarse | B3 | gcc_O3 | B_to_A | rb=auto
2026-03-26 17:24:36,146 | INFO | Running BM7 | coarse | B4 | gcc_O3 | B_to_A | rb=auto
2026-03-26 17:24:36,375 | INFO | Running BM7 | coarse | B5_TREE | gcc_O3 | B_to_A | rb=auto
2026-03-26 17:24:36,638 | INFO | Running BM7 | coarse | B3 | gcc_O3 | uniform | rb=auto
2026-03-26 17:24:36,864 | INFO | Running BM7 | coarse | B4 | gcc_O3 | uniform | rb=auto
2026-03-26 17:24:37,098 | INFO | Running BM7 | coarse | B5_TREE | gcc_O3 | uniform | rb=auto
2026-03-26 17:24:38,096 | INFO | Done. Results written to /home/reda/work/semantic_state_layout_pipeline_modified
